{"C:\\Users\\User\\Desktop\\Programming Courses\\YouTube Tutorials\\Unit_Testing_in_JavaScript\\7.Code_Coverage\\index.js":{"path":"C:\\Users\\User\\Desktop\\Programming Courses\\YouTube Tutorials\\Unit_Testing_in_JavaScript\\7.Code_Coverage\\index.js","s":{"1":9,"2":9,"3":9,"4":9,"5":9,"6":9,"7":9,"8":9,"9":10001,"10":10001,"11":10001,"12":10001,"13":0,"14":0,"15":0,"16":0,"17":0,"18":0,"19":0,"20":0,"21":0,"22":0,"23":0,"24":0,"25":0,"26":0,"27":9,"28":9,"29":18,"30":18,"31":9,"32":9,"33":9,"34":9,"35":9,"36":9,"37":9,"38":1,"39":1,"40":1,"41":1,"42":1,"43":1,"44":1,"45":2,"46":1},"b":{"1":[0,0],"2":[0,0],"3":[0,0],"4":[9,9]},"f":{"1":9,"2":10001,"3":0,"4":0,"5":0,"6":9,"7":9,"8":9,"9":1},"fnMap":{"1":{"name":"(anonymous_1)","line":2,"loc":{"start":{"line":2,"column":12},"end":{"line":2,"column":60}}},"2":{"name":"(anonymous_2)","line":13,"loc":{"start":{"line":13,"column":16},"end":{"line":13,"column":31}}},"3":{"name":"(anonymous_3)","line":21,"loc":{"start":{"line":21,"column":7},"end":{"line":21,"column":15}}},"4":{"name":"(anonymous_4)","line":29,"loc":{"start":{"line":29,"column":13},"end":{"line":29,"column":15}}},"5":{"name":"(anonymous_5)","line":36,"loc":{"start":{"line":36,"column":16},"end":{"line":36,"column":18}}},"6":{"name":"(anonymous_6)","line":49,"loc":{"start":{"line":49,"column":19},"end":{"line":49,"column":21}}},"7":{"name":"(anonymous_7)","line":61,"loc":{"start":{"line":61,"column":12},"end":{"line":61,"column":24}}},"8":{"name":"(anonymous_8)","line":68,"loc":{"start":{"line":68,"column":12},"end":{"line":68,"column":57}}},"9":{"name":"setupPerson","line":78,"loc":{"start":{"line":78,"column":0},"end":{"line":78,"column":22}}}},"statementMap":{"1":{"start":{"line":3,"column":2},"end":{"line":3,"column":19}},"2":{"start":{"line":4,"column":2},"end":{"line":4,"column":27}},"3":{"start":{"line":5,"column":2},"end":{"line":5,"column":29}},"4":{"start":{"line":6,"column":2},"end":{"line":6,"column":35}},"5":{"start":{"line":7,"column":2},"end":{"line":7,"column":37}},"6":{"start":{"line":8,"column":2},"end":{"line":8,"column":29}},"7":{"start":{"line":9,"column":2},"end":{"line":9,"column":28}},"8":{"start":{"line":10,"column":2},"end":{"line":10,"column":22}},"9":{"start":{"line":14,"column":2},"end":{"line":14,"column":16}},"10":{"start":{"line":15,"column":2},"end":{"line":17,"column":3}},"11":{"start":{"line":16,"column":3},"end":{"line":16,"column":43}},"12":{"start":{"line":18,"column":2},"end":{"line":18,"column":15}},"13":{"start":{"line":22,"column":2},"end":{"line":22,"column":35}},"14":{"start":{"line":23,"column":2},"end":{"line":23,"column":24}},"15":{"start":{"line":24,"column":2},"end":{"line":24,"column":28}},"16":{"start":{"line":25,"column":2},"end":{"line":25,"column":56}},"17":{"start":{"line":26,"column":2},"end":{"line":26,"column":23}},"18":{"start":{"line":30,"column":2},"end":{"line":30,"column":28}},"19":{"start":{"line":31,"column":2},"end":{"line":33,"column":3}},"20":{"start":{"line":32,"column":3},"end":{"line":32,"column":29}},"21":{"start":{"line":37,"column":2},"end":{"line":42,"column":3}},"22":{"start":{"line":38,"column":3},"end":{"line":38,"column":29}},"23":{"start":{"line":39,"column":3},"end":{"line":41,"column":4}},"24":{"start":{"line":40,"column":4},"end":{"line":40,"column":31}},"25":{"start":{"line":44,"column":2},"end":{"line":46,"column":3}},"26":{"start":{"line":45,"column":3},"end":{"line":45,"column":29}},"27":{"start":{"line":50,"column":2},"end":{"line":50,"column":22}},"28":{"start":{"line":51,"column":2},"end":{"line":56,"column":3}},"29":{"start":{"line":52,"column":3},"end":{"line":52,"column":32}},"30":{"start":{"line":53,"column":3},"end":{"line":55,"column":4}},"31":{"start":{"line":54,"column":4},"end":{"line":54,"column":34}},"32":{"start":{"line":62,"column":2},"end":{"line":62,"column":19}},"33":{"start":{"line":63,"column":2},"end":{"line":63,"column":21}},"34":{"start":{"line":69,"column":2},"end":{"line":69,"column":19}},"35":{"start":{"line":70,"column":2},"end":{"line":70,"column":21}},"36":{"start":{"line":71,"column":2},"end":{"line":71,"column":41}},"37":{"start":{"line":72,"column":2},"end":{"line":72,"column":37}},"38":{"start":{"line":76,"column":0},"end":{"line":76,"column":11}},"39":{"start":{"line":78,"column":0},"end":{"line":82,"column":1}},"40":{"start":{"line":79,"column":1},"end":{"line":79,"column":44}},"41":{"start":{"line":80,"column":1},"end":{"line":80,"column":53}},"42":{"start":{"line":81,"column":1},"end":{"line":81,"column":72}},"43":{"start":{"line":84,"column":0},"end":{"line":84,"column":14}},"44":{"start":{"line":87,"column":0},"end":{"line":87,"column":25}},"45":{"start":{"line":87,"column":18},"end":{"line":87,"column":24}},"46":{"start":{"line":88,"column":0},"end":{"line":88,"column":54}}},"branchMap":{"1":{"line":31,"type":"if","locations":[{"start":{"line":31,"column":2},"end":{"line":31,"column":2}},{"start":{"line":31,"column":2},"end":{"line":31,"column":2}}]},"2":{"line":39,"type":"if","locations":[{"start":{"line":39,"column":3},"end":{"line":39,"column":3}},{"start":{"line":39,"column":3},"end":{"line":39,"column":3}}]},"3":{"line":44,"type":"if","locations":[{"start":{"line":44,"column":2},"end":{"line":44,"column":2}},{"start":{"line":44,"column":2},"end":{"line":44,"column":2}}]},"4":{"line":53,"type":"if","locations":[{"start":{"line":53,"column":3},"end":{"line":53,"column":3}},{"start":{"line":53,"column":3},"end":{"line":53,"column":3}}]}}}}