TN:
SF:C:\Users\User\Desktop\Programming Courses\YouTube Tutorials\Unit_Testing_in_JavaScript\7.Code_Coverage\index.js
FN:2,(anonymous_1)
FN:13,(anonymous_2)
FN:21,(anonymous_3)
FN:29,(anonymous_4)
FN:36,(anonymous_5)
FN:49,(anonymous_6)
FN:61,(anonymous_7)
FN:68,(anonymous_8)
FN:78,setupPerson
FNF:9
FNH:6
FNDA:9,(anonymous_1)
FNDA:10001,(anonymous_2)
FNDA:0,(anonymous_3)
FNDA:0,(anonymous_4)
FNDA:0,(anonymous_5)
FNDA:9,(anonymous_6)
FNDA:9,(anonymous_7)
FNDA:9,(anonymous_8)
FNDA:1,setupPerson
DA:3,9
DA:4,9
DA:5,9
DA:6,9
DA:7,9
DA:8,9
DA:9,9
DA:10,9
DA:14,10001
DA:15,10001
DA:16,10001
DA:18,10001
DA:22,0
DA:23,0
DA:24,0
DA:25,0
DA:26,0
DA:30,0
DA:31,0
DA:32,0
DA:37,0
DA:38,0
DA:39,0
DA:40,0
DA:44,0
DA:45,0
DA:50,9
DA:51,9
DA:52,18
DA:53,18
DA:54,9
DA:62,9
DA:63,9
DA:69,9
DA:70,9
DA:71,9
DA:72,9
DA:76,1
DA:78,1
DA:79,1
DA:80,1
DA:81,1
DA:84,1
DA:87,2
DA:88,1
LF:45
LH:31
BRDA:31,1,0,0
BRDA:31,1,1,0
BRDA:39,2,0,0
BRDA:39,2,1,0
BRDA:44,3,0,0
BRDA:44,3,1,0
BRDA:53,4,0,9
BRDA:53,4,1,9
BRF:8
BRH:2
end_of_record
